[debug] [2018-10-09T11:21:16.766Z] ----------------------------------------------------------------------
[debug] [2018-10-09T11:21:16.782Z] Command:       C:\Program Files\nodejs\node.exe C:\Users\TI\AppData\Roaming\npm\node_modules\firebase-tools\bin\firebase deploy
[debug] [2018-10-09T11:21:16.782Z] CLI Version:   5.0.1
[debug] [2018-10-09T11:21:16.782Z] Platform:      win32
[debug] [2018-10-09T11:21:16.782Z] Node Version:  v8.12.0
[debug] [2018-10-09T11:21:16.782Z] Time:          Tue Oct 09 2018 08:21:16 GMT-0300 (Hora oficial do Brasil)
[debug] [2018-10-09T11:21:16.782Z] ----------------------------------------------------------------------
[debug] 
[debug] [2018-10-09T11:21:16.782Z] > command requires scopes: ["email","openid","https://www.googleapis.com/auth/cloudplatformprojects.readonly","https://www.googleapis.com/auth/firebase","https://www.googleapis.com/auth/cloud-platform"]
[debug] [2018-10-09T11:21:16.782Z] > authorizing via signed-in user
[debug] [2018-10-09T11:21:16.782Z] [iam] checking project saolucastalk for permissions ["datastore.indexes.create","datastore.indexes.delete","datastore.indexes.list","datastore.indexes.update","firebase.projects.get","firebasedatabase.instances.update","firebasehosting.sites.update"]
[debug] [2018-10-09T11:21:16.782Z] > refreshing access token with scopes: ["email","https://www.googleapis.com/auth/cloud-platform","https://www.googleapis.com/auth/cloudplatformprojects.readonly","https://www.googleapis.com/auth/firebase","openid"]
[debug] [2018-10-09T11:21:16.782Z] >>> HTTP REQUEST POST https://www.googleapis.com/oauth2/v3/token  
 <request body omitted>
[debug] [2018-10-09T11:21:21.868Z] <<< HTTP RESPONSE 200
[debug] [2018-10-09T11:21:21.993Z] >>> HTTP REQUEST POST https://cloudresourcemanager.googleapis.com/v1/projects/saolucastalk:testIamPermissions  

[debug] [2018-10-09T11:21:28.965Z] <<< HTTP RESPONSE 200
[debug] [2018-10-09T11:21:28.965Z] >>> HTTP REQUEST GET https://admin.firebase.com/v1/projects/saolucastalk  
 
[debug] [2018-10-09T11:21:51.469Z] Error: getaddrinfo ENOTFOUND admin.firebase.com admin.firebase.com:443
    at GetAddrInfoReqWrap.onlookup [as oncomplete] (dns.js:67:26)
[error] 
[error] Error: Server Error. getaddrinfo ENOTFOUND admin.firebase.com admin.firebase.com:443
